Cluster	AG	AP1	AP2	AP3	BLR	PI	SEP3	LFY	JAG	ETT	RGA
AP1	1.19445	1.18974	1.11748	5.22911	0.583604	3.99957	1.13228	3.51773	0.694881	1.82263	1.69052
AP1	0.735498	0.781061	1.58094	1.16654	1.23626	0.855809	0.93928	1.39601	1.62689	3.45776	1.84087
AP1	2.63896	2.20052	1.04099	1.80241	1.24082	1.57508	3.80052	1.27567	3.61091	0.794391	0.89828
AP1	1.75182	3.14647	1.34228	1.04624	1.93462	1.3973	3.57287	1.62784	1.2875	1.77394	0.687119
AP1	1.23863	1.00852	1.49977	1.95004	1.59515	1.8232	0.926223	1.34526	0.938072	1.05134	0.82244
AP1	2.27067	5.76578	4.43602	1.54229	4.17527	1.8232	4.11887	1.25375	5.34819	1.40306	3.66442
AP1	1.79886	0.763311	0.71696	4.09985	3.28765	4.46374	0.791574	2.52126	0.5925	0.657865	0.715415
AP1	2.19353	0.887316	0.834162	1.72267	2.03637	1.48343	0.705427	2.03332	1.34718	0.586795	0.906869
AP1	1.7372	3.97501	5.43868	0.969615	1.09593	0.975339	3.20561	0	4.14807	1.38607	2.39296
AP1	0.884495	2.60061	0.932095	1.68288	1.58136	2.20326	1.70701	2.83	3.07995	0.808566	3.67821
AP1	1.38243	1.63326	0.456859	1.15831	2.39193	1.29413	2.19385	0.575265	1.66873	7.52646	1.468
AP1	0.817288	0.559777	1.11748	0.725597	1.44973	0.677096	0.472036	0	4.58533	0.910096	1.8218
AP1	1.12543	3.56538	0.932095	0.872313	2.13219	1.03807	2.03939	0.972698	3.32205	3.09987	3.28808
AP1	1.57	2.95112	0.663656	3.35646	0.958292	3.18005	3.76291	0	1.65741	0.600226	1.2996
AP1	0.862541	0.83114	1.80499	1.09183	1.29636	0.975974	0.903731	0	1.39462	1.60805	2.67094
AP1	1.07122	1.7518	1.16417	0.828809	6.37454	0.638087	2.04591	1.86818	0.55279	2.65821	0.675881
AP1	0.933839	4.72062	3.6438	0.946094	3.69822	1.06023	3.31604	1.32821	3.91713	2.4822	6.41749
AP1	1.36046	0.937435	2.66839	1.57773	5.13055	0.943748	0.86781	0	1.893	3.71078	2.96645
AP1	5.74635	1.10477	5.3618	2.28536	1.75931	2.53489	4.03736	1.21684	1.49198	1.48178	4.0759
AP1	1.53987	1.12753	0.97733	1.74133	2.27068	1.24029	0.875983	0	1.02457	5.41778	1.63627
AP1	4.71998	0.770497	2.04979	7.24668	1.35083	8.4642	3.66292	3.20521	1.16932	6.52856	1.77357
AP1	0.610127	1.7518	0.834162	0.771698	1.57046	0.575285	1.02623	1.90604	1.38435	0.792388	1.24401
AP1	1.72927	0.952002	1.80499	1.21445	1.23828	0.88688	1.06684	0.508559	1.44459	1.57005	3.23879
AP1	2.13716	1.23491	0.565919	1.17532	1.46953	1.27261	2.7216	0	1.29384	1.21853	0.971198
AP1	2.87953	1.33758	2.24229	0.508415	1.36051	0.600576	1.30116	2.73336	1.74133	6.37584	1.85857
AP1	1.52713	1.48343	3.32361	1.70063	1.58507	1.89651	1.44746	2.2274	3.26247	4.49283	1.03713
AP1	0.663418	0.828831	0	0.998401	1.41116	0.78184	0.927867	2.17318	1.07438	2.00366	0.718082
AP1	0.655866	1.72355	2.24229	0.857937	1.86935	0.844026	1.11756	0	0.874898	1.13808	1.07188
AP1	2.32805	0.848664	1.16417	0.684924	1.15847	0.996562	1.91414	0	3.01594	1.22875	1.89705
AP1	1.50465	2.30321	3.46564	0.831	2.16304	0.760422	1.61525	0.759302	2.1414	1.08339	0.64441
AP1	1.27794	0.607016	0.634553	0.560037	1.65537	0.736345	1.16908	0	2.40632	3.28932	1.6281
AP1	1.4718	0.870772	4.03604	0.794014	3.7816	1.04737	0.444863	0	2.58209	0.981334	2.6645
AP1	2.92387	1.17179	1.99088	4.89213	0.685347	3.71404	1.67829	1.25375	1.87874	2.54808	2.84405
AP1	10.3083	5.34005	3.96917	9.01644	1.80174	5.43051	6.15839	2.05639	2.67257	4.03756	1.97334
AP1	0.544015	0.912158	2.87888	1.34222	1.51009	1.10389	1.16215	1.09625	4.00407	1.84343	3.07342
AP1	1.01875	1.06706	3.09841	1.50555	3.02244	1.49145	1.18305	0	1.43367	1.65738	2.90846
AP1	1.38891	1.84614	2.19551	2.26117	2.23626	2.03396	2.26735	1.31788	3.35217	5.25453	3.85799
AP1	1.08783	4.30864	3.04175	1.01395	1.04125	0.882519	2.77379	0	3.76064	8.52603	2.0619
AP1	0.703737	1.67628	0.777547	0.84943	1.25397	0.972238	1.25167	1.39601	1.2739	5.41778	2.20849
AP1	1.17242	2.48302	1.80499	0.756586	1.49104	0.591159	1.45718	2.93534	1.11555	0.775125	0.815195
AP1	1.61482	1.0554	1.01294	1.10776	3.2195	1.09511	1.4438	0	1.0463	0.548789	0.537156
AP1	0.775772	1.14978	1.11748	1.72267	2.14011	1.50607	0.95435	0.848543	1.27003	0.697162	1.41116
AP1	4.86747	3.96318	2.60626	6.54517	0.765479	4.96723	5.25162	9.61245	1.12986	0.973036	1.58666
AP1	8.92426	1.58876	0.518461	3.86519	3.86582	8.88538	4.24411	0.650673	0.537728	1.69412	1.14139
AP1	2.47151	1.09603	4.57276	1.69266	1.12671	1.90464	2.64623	11.6945	1.44162	3.45925	3.54805
AP1	1.46214	1.80232	4.37381	1.57002	4.7978	1.16645	1.01869	1.36059	5.07948	2.4735	4.35736
AP1	4.06429	0.876862	0.605273	3.35646	1.42762	3.39016	2.41654	0	1.09297	0.775679	1.46832
AP1	0.804167	0.575057	1.40469	1.09532	1.49587	1.14911	0.913901	0.99232	1.72132	1.30491	1.5846
AP1	4.61721	2.29208	1.48178	3.81947	0.462279	2.91633	5.35869	2.12164	0.55279	0.999841	2.02055
AP1	2.17181	1.39466	1.80499	0.387944	0.668878	0.386929	0.913901	0	0.598009	0.765895	0.398993
AP1	1.07229	1.435	1.06265	1.27087	1.21927	1.43426	1.57881	1.66224	1.82679	1.07878	4.51537
AP1	3.32957	3.54284	0.834162	3.78272	2.85502	3.29592	4.02946	1.73642	2.77543	0.753024	1.87301
AP1	0.730806	0.653252	1.60974	2.33557	0.945096	1.5381	0.897842	2.87427	2.43631	1.65513	3.3211
AP1	3.24664	4.88711	1.48178	1.38993	0.673298	1.80876	2.25064	0	2.13696	6.4134	1.62124
AP1	3.04183	3.48977	0.71696	2.97964	1.20988	3.93112	2.67297	1.23635	1.38351	2.78044	1.67048
AP1	1.52774	3.57233	2.24229	1.83262	3.70842	1.34619	3.35904	2.91485	5.6969	3.93262	4.74402
AP1	0.616397	0.99021	1.16417	0.97277	1.62803	0.766123	1.20362	1.29457	1.48343	2.75347	0.763671
AP1	1.63839	1.09603	1.19444	1.01395	1.22823	1.14011	1.17365	0	3.67739	2.41251	1.75039
AP1	0.337331	0.999299	1.10411	0.83949	4.63516	0.870364	1.09757	1.06499	4.18784	1.20833	0.895804
AP1	2.56131	0.656561	0.843749	1.69513	1.51266	2.05958	1.3464	1.02366	0.696089	4.82923	1.48343
AP1	0.985939	1.21878	1.04099	1.38993	2.44273	1.53457	1.11756	0.727148	6.29769	4.75422	6.3952
AP1	1.49194	0.530676	2.04979	1.53942	2.8742	1.65379	0.553686	0.49442	4.41696	1.58909	1.01744
AP1	0.738475	1.66524	1.53405	1.24417	1.27232	1.07452	1.52405	0.780701	2.27069	2.66375	2.77016
AP1	1.10638	0.698705	0.71696	1.00266	2.34582	1.23369	0.76983	2.15989	1.27089	1.3812	2.79063
AP1	1.23863	1.0647	1.36082	1.66931	1.12612	1.11547	1.07884	0	8.01768	0.913751	1.50019
AP1	2.83579	2.43725	1.31782	2.71113	8.83615	2.93439	2.42728	1.46842	4.28515	1.40678	3.29697
AP1	0.864121	2.6758	0.605273	1.432	1.5849	1.94401	2.25064	6.34266	1.0417	0.771181	1.35194
AP1	2.58411	5.4178	1.34228	4.11559	0.865345	3.38088	4.08374	0.99232	0.820097	2.30762	2.47345
AP1	1.16235	5.08218	0.97733	1.72825	11.5478	2.95323	3.1118	0	1.2552	3.37716	1.97639
AP1	0.94302	2.02016	0.911284	1.49337	4.51826	1.12592	1.17854	0.905124	2.8027	0.981334	1.23324
AP1	0.92632	1.16489	1.38814	0.771698	1.67158	0.685367	0.766118	0.814219	1.07725	2.11977	2.19851
AP1	1.19303	0.545449	1.99088	1.54999	2.33846	1.75035	0.752945	1.72491	1.0849	1.6972	3.28808
AP1	1.3374	1.24383	1.04099	1.27578	1.69505	1.50607	1.21718	0	1.24378	0.930017	1.51096
AP1	1.9921	1.28027	2.55167	3.64641	2.74629	3.5221	1.95876	2.66107	3.51569	2.5023	7.18439
AP1	2.88552	0.919828	0.605273	0.664561	1.76707	0.387645	0.55243	0	0.995609	1.46217	0.57593
AP1	1.66425	3.54284	0.942874	0.740013	2.24311	0.890785	3.32625	0	4.50333	1.97809	5.34232
AP1	3.28478	1.71566	3.46564	1.85322	1.11085	2.25664	2.54418	1.96489	1.83624	2.07969	7.56483
AP1	1.92392	3.48977	2.87888	1.5348	4.0331	2.23346	1.9003	0.780701	0.653682	3.85684	1.22348
AP1	9.80625	21.1983	11.0348	8.54659	1.84044	3.57465	10.9183	2.17318	5.56403	13.6515	4.43778
AP1	2.75634	3.41752	2.2998	4.99591	1.69292	4.80936	2.8912	3.03397	10.0222	3.40564	3.99403
AP1	3.17147	1.49211	0.605273	1.04171	3.81964	1.66813	1.58544	1.98178	0.923983	2.18618	0.638662
AP1	1.43828	1.19611	0.819805	0.977454	0.861099	0.852028	0.729998	0	1.08269	1.69836	0.987533
AP1	2.34272	3.15427	1.27026	5.42749	2.37665	3.65987	2.21181	1.49211	1.00328	1.76115	0.886692
AP1	1.28536	1.38378	1.27026	1.27924	2.82398	1.90104	0.607356	0.759302	1.78927	0.941314	1.18958
AP1	4.35052	2.77542	4.48862	2.66629	1.53621	2.82333	3.25717	2.91485	1.29218	1.7748	1.47839
AP1	1.82159	2.05392	0.834162	2.68885	5.03312	1.72162	1.4011	0.411904	2.08375	1.03829	1.08192
AP1	1.12256	0.866293	0.360593	0.617322	1.39737	0.715082	1.2047	0	2.18666	2.55695	1.21578
AP1	0.706659	0.918451	0.898157	2.11981	0.801145	2.61412	1.29303	2.41582	0.789952	2.68899	5.59991
AP1	1.01006	0.560078	1.27026	0.725597	4.84033	0.837266	0.653811	2.19797	0.911422	0.975344	0.917453
AP1	1.39065	1.71566	1.34228	1.29072	4.82556	1.52403	1.00899	0.874049	1.53412	1.53409	0.900651
AP1	1.48211	1.39466	4.48862	0.847397	6.46234	1.46409	1.10786	1.39601	3.07272	3.70868	0.83377
AP1	2.21103	1.63326	2.03314	4.27107	2.53764	3.21481	1.8845	2.62968	2.00147	1.33616	7.13483
AP1	2.18711	2.43725	0.496814	2.00885	1.75675	2.46949	4.64857	0.934369	1.7407	1.25374	1.69052
AP1	14.0407	6.66211	3.46564	7.18294	1.44203	6.49045	5.67681	2.39725	1.63186	5.2275	1.55561
AP1	1.84251	1.27547	0.919087	2.25872	3.85989	2.04772	1.24509	1.23635	3.97461	1.34686	17.616
AP1	2.4572	1.63326	1.04099	1.80241	3.6832	1.1535	0.788507	3.90839	4.2609	1.53409	2.47838
AP1	1.01006	3.88756	3.1578	2.44214	1.08727	1.99288	2.85138	2.19797	2.26057	0.855455	1.57174
AP1	2.26813	0.898853	2.24229	4.57879	2.29677	2.84374	1.56673	1.12517	1.2764	1.21173	4.4812
AP1	1.31142	0.973738	2.24229	1.1414	1.24065	1.47981	1.29092	12.5291	0.935912	1.97809	2.73178
AP1	2.75352	1.50135	1.63103	1.28497	1.31031	1.10983	2.36211	3.57429	3.3425	1.4934	3.51449
AP1	0.58344	1.89316	1.04099	0.985396	3.17947	0.736345	1.22682	0	1.39838	2.55695	1.51167
AP1	2.35553	1.48343	1.01294	2.43516	2.94107	1.39299	1.54122	1.66224	1.97868	2.05048	1.30482
AP1	1.79694	1.18307	0.360593	2.34037	1.82762	2.58214	2.06159	3.75384	0.57987	1.16977	1.75284
AP1	1.44505	0.724988	0.834162	0.974939	0.812495	1.14149	0.763283	9.14661	1.32855	2.19653	1.91286
AP1	4.18833	2.28037	1.80499	4.89667	5.10042	6.31693	4.21492	1.5556	1.28275	2.12719	4.8978
AP1	1.01006	1.01607	0.84783	0.998401	1.004	1.38049	4.98098	0	1.93529	0.607453	0.675341
AP1	0.89829	0.896991	1.66376	2.49352	1.57744	2.52101	0.937284	0.665504	1.0958	0.711986	0.603718
AP1	0.952112	1.04711	1.16417	1.67388	1.93524	0.814275	0.764808	0	1.90874	1.21623	1.02259
AP1	2.66118	0.696763	4.6621	1.68288	1.48368	2.01898	1.34058	3.14956	0.786693	2.45793	1.86956
AP1	1.32958	0.855274	3.07274	0.941327	8.64965	1.39529	1.13228	0	5.21997	5.90002	2.88702
AG	3.34543	3.11031	2.92476	2.47938	0.859951	2.76711	4.86525	0	1.20826	4.91694	2.19582
AG	1.3058	1.07249	7.53882	1.20851	1.03439	1.59182	1.27551	2.19797	2.6702	0.655382	0.774302
AG	3.51573	1.34074	0.577375	2.20914	3.77851	3.13019	3.17984	1.90604	1.1069	0.985921	0.609317
AG	5.95795	1.38564	3.32361	13.0096	1.38591	15.3585	2.88624	0	1.34059	1.65963	3.51519
AG	2.48221	1.14342	1.07228	1.18818	1.05472	1.4093	1.77108	0	1.16843	1.46295	2.21209
AG	3.24274	1.90649	2.87888	3.29706	1.29477	2.61934	2.75106	0.650673	1.53695	2.02303	3.25627
AG	2.40517	3.64274	8.58505	1.38993	0.973892	1.52496	3.61984	1.17574	2.17393	4.43972	1.10648
AG	1.13964	1.38564	1.04099	0.844294	1.57523	1.17081	2.53865	0.972698	2.19621	1.52402	2.94953
AG	0.92632	0.761229	1.27026	0.643713	1.19385	0.78184	1.04588	3.90839	1.80327	2.0877	0.876989
AG	1.12543	2.27327	4.10107	1.63903	1.06266	2.23346	1.76724	2.7454	1.06488	1.43828	2.19582
AG	2.90119	10.4969	21.2037	1.80241	2.04667	2.0018	12.6822	0	2.78677	2.04099	2.42144
AG	4.14703	4.987	4.09232	1.72741	3.68071	2.34334	4.8424	2.81345	8.14005	7.41845	3.71876
AG	0.848665	0.696763	1.19444	3.51844	0.866176	3.35786	1.07238	2.39725	1.50899	0.469136	0.873932
AG	0.867576	1.67628	0.749006	1.0554	2.07199	1.19598	0.849813	1.06499	0.815748	1.22875	1.72776
AG	2.36319	0.53796	1.65415	1.87309	1.3119	1.59182	0.944258	1.17574	5.69188	1.04093	4.97929
AG	1.36046	1.16317	3.09841	1.0725	0.732467	1.09631	5.49153	1.4628	1.30474	1.12678	3.44111
AG	2.01675	1.88421	10.6662	2.21213	0.958292	2.12046	2.1723	1.34526	4.76093	4.67791	1.77609
AG	0.903092	0.954073	0.64491	0.569498	1.08739	0.768786	1.27184	1.79985	1.50248	4.35612	1.83924
AG	2.62987	4.55427	2.60626	0.347723	0.723878	0.302624	1.76724	1.39601	0.666596	0.617599	0.470929
AG	1.33811	2.62886	13.5304	2.34404	0.687196	2.6779	2.1315	2.03725	1.5486	2.20697	2.32394
AG	1.27794	1.39041	1.80499	1.82956	1.9729	1.12592	1.50261	1.17574	2.03335	2.58035	1.70568
AG	1.44505	1.44514	2.47634	0.464829	1.96966	0.441568	1.01303	2.32582	1.19609	1.17525	3.5318
AG	0.879661	0.979963	1.60974	1.38993	1.54098	1.00649	0.875983	1.34526	1.87325	1.72322	2.99626
AG	2.2343	2.03345	2.99904	2.20694	1.54948	2.65887	1.91487	3.74803	4.28613	1.58286	3.10936
AG	5.54456	5.53067	2.99904	3.83002	2.13994	4.45817	6.17873	1.39601	2.61544	2.54808	1.9026
AG	2.95335	1.48662	1.27026	1.77301	1.83831	1.8353	1.97206	1.90604	1.34234	2.62883	0.834937
AG	4.52399	3.80253	2.47634	2.88726	1.66932	7.10322	3.35904	1.23635	1.04457	1.67148	0.763385
AG	0.905615	0.558998	0.705296	1.11762	0.680111	0.970082	0.738297	4.18709	0.613803	0.406552	1.66398
AG	0.566406	0.735546	1.04099	1.84279	0.626923	1.75178	1.20885	5.99018	0.943727	1.16977	6.591
AG	4.10537	6.76128	1.95627	1.35082	2.48715	1.63536	14.9399	4.75182	2.60087	2.48562	3.94524
AG	0.827508	0.663409	1.80499	0.993471	2.41764	0.748077	1.18418	1.10526	1.12282	1.84343	1.24869
AG	5.7133	2.31877	1.16417	5.74764	0.719097	2.62961	4.83906	0	1.74937	2.30298	0.848681
AG	1.16703	1.63326	0.762202	1.69266	1.66686	2.88909	1.16908	1.32821	1.45688	0.428625	1.84048
AG	0.460311	5.42521	2.77812	0.595325	4.47387	0.918178	5.50058	0	6.49393	1.57005	0.762783
AG	0.775076	3.96978	1.08477	1.72918	5.07154	2.47905	2.3453	0.934369	3.59589	1.65738	2.89254
AG	4.94751	0.937435	2.08579	9.59292	1.25131	10.7213	1.74266	1.03516	1.19418	2.07099	2.06732
AG	2.40517	0.687486	0.749006	2.67606	1.06594	2.19376	0.708539	0.603959	0.61538	1.39156	2.37752
AG	1.64984	1.53607	1.38814	0.536012	0.772743	0.594552	1.0231	3.14956	0.548558	0.711343	0.376965
AG	3.01996	5.98307	8.26796	2.47674	2.5565	2.9229	8.11088	0	3.02195	1.82982	2.96862
AG	1.06335	2.53628	1.48178	1.08248	1.16916	0.795772	1.39125	0	3.64336	7.65259	11.7035
AG	8.2591	7.47634	8.54006	9.08827	4.8262	8.8348	4.93112	1.83298	5.91728	2.17196	2.25614
AG	8.2591	7.47634	8.54006	9.08827	4.8262	8.8348	4.93112	1.83298	5.91728	2.17196	2.25614
AG	0.826792	3.30978	1.27026	0.726929	2.66574	0.812549	2.58192	0.72013	8.86037	0.919376	3.83181
AG	1.56729	0.985891	0.634553	1.28727	0.706549	1.32809	1.13228	7.52363	1.59173	0.480182	0.365013
AG	2.40517	1.82806	1.80499	4.28449	1.25092	6.07049	4.36239	0.99232	2.20814	1.00277	3.36103
AG	1.39134	1.75572	3.89758	1.42559	1.58801	1.63064	2.27552	2.19797	3.71149	2.65821	10.7447
AG	0.573154	1.89316	1.27026	0.480233	3.20802	0.747435	1.48552	1.83298	1.04146	1.38607	0.988057
AG	0.826313	0.587972	1.80499	1.41144	3.59194	1.19044	0.570861	0.780701	1.16646	1.03769	0.735903
AG	1.53987	1.12753	0.97733	1.74133	2.27068	1.24029	0.875983	0	1.02457	5.41778	1.63627
AG	0.899162	3.0268	0.870886	1.16248	0.926336	0.719745	1.80095	0	1.4645	2.90528	0.561902
AG	7.05602	4.17028	1.04099	3.52115	2.73332	10.3268	3.41049	1.39601	6.82224	1.72619	1.04457
AG	5.68888	3.50408	2.82585	7.72988	0.541844	6.49045	6.93286	1.34526	1.10443	0.499211	2.45022
AG	0.855396	2.20052	4.91074	1.12671	0.317651	0.584142	1.97025	3.85918	1.50523	0.772654	2.09326
AG	1.86143	0.859529	0.954564	2.26298	0.812291	3.32604	2.53361	1.29457	1.22677	0.988549	1.27311
AG	0.78662	0.710946	1.11748	0.51278	1.62925	0.521878	1.08158	0	1.5814	5.43059	1.80932
AG	2.60616	1.36164	1.16417	2.28536	0.615824	1.34943	1.17365	0.826494	2.25703	4.24306	0.72598
AG	0.794256	0.887316	0.791652	1.00341	1.34558	0.775078	0.991222	2.61312	2.74579	2.05962	1.76056
AG	3.88411	0.69826	1.11748	12.2556	1.26961	14.9497	0.866822	1.49211	1.82679	1.30871	1.28529
AG	3.35417	1.89316	2.37145	4.69679	2.03326	3.56702	3.32385	1.79985	0.820739	1.77279	1.38675
AG	1.27794	2.31877	1.80499	1.49337	2.96009	2.13988	2.30657	0.934369	1.12622	2.15869	1.20278
AG	2.19353	0.88312	1.65415	2.87153	2.19049	3.4863	0.842564	0	2.74876	1.39847	1.27553
AG	5.56336	9.19576	6.49337	2.60459	1.71341	4.68018	5.95369	1.66224	4.26249	2.01895	2.39647
AG	4.09823	3.62186	2.08579	2.91511	0.925932	3.22372	4.4623	0	1.41111	2.13804	3.20301
AG	1.39805	3.0268	1.16417	2.53335	1.0231	3.54324	2.19637	0	0.717938	0.901675	0.74799
AG	5.64201	1.09603	1.27026	4.2116	0.914424	4.42262	3.16273	0	2.46829	1.44665	1.79127
AG	0.848422	0.782969	0.552758	2.40702	3.46331	1.97784	0.508871	0	0.813046	0.440664	0.876395
AG	1.12543	3.41752	3.66288	1.04171	1.12291	1.13094	2.15862	1.21684	2.37711	4.16712	2.03387
AG	6.85595	1.45299	0.360593	3.35646	0.860358	3.07289	4.92492	0	2.38041	2.17725	1.72851
AG	1.39506	0.534495	0.97733	2.40702	4.75446	2.81679	0.997244	2.45654	0.883658	2.72261	2.26093
AG	0.789148	0.781061	0.692389	1.01395	0.427845	0.778481	0.913901	3.16284	0.740151	1.08733	0.400642
AG	1.80751	2.78053	4.37381	0.791315	1.67792	0.77951	2.29794	0.780701	4.75776	6.64035	2.25695
AG	2.2343	0.763311	0.97733	2.4455	0.993125	1.58793	0.913901	0	1.01001	1.00862	0.944864
AG	1.5876	4.89973	0.605273	0.659222	3.02261	0.631835	1.94803	1.39601	0.553947	2.28771	1.13206
AG	0.533208	1.0132	0.92371	1.43453	5.95255	1.38457	0.77416	2.48698	0.69863	0.897727	0.682156
AG	0.383668	1.57759	1.53405	0.977454	3.939	1.24341	1.2769	0	1.89961	1.31682	3.40443
AG	1.49073	0.979963	0.801985	2.672	0.999168	1.88122	1.17676	1.17574	2.86139	1.72619	2.613
AG	3.63159	1.89981	2.99904	4.10586	0.890628	4.61648	2.06645	1.76599	0.665494	0.592595	1.02259
AG	1.04281	0.927025	1.07228	2.24904	0.425688	1.75596	0.600592	2.2461	0.614708	1.08485	2.41384
AG	2.33802	2.87573	1.80499	0.7614	6.27939	1.8353	1.99319	1.32821	8.3277	0.684018	1.93028
AG	1.00067	1.7518	5.8879	1.05186	0.913245	0.93736	1.04588	2.4361	4.31215	0.338803	2.95327
AG	1.32958	1.30522	1.59196	1.09647	0	1.00649	1.40841	2.43491	0	0	0
AG	1.62945	1.50561	4.48862	0.993107	3.55496	1.13893	2.58192	0	1.65065	3.17462	2.64569
AG	4.45909	3.11031	3.65185	2.40407	1.27109	3.70113	5.91134	2.05639	1.32136	3.00842	2.52565
AG	1.79886	0.970749	1.80499	1.98741	1.75761	2.09124	1.2769	2.76743	1.34952	1.29016	2.3421
AG	1.79886	2.87573	5.8879	0.887781	1.44647	1.02383	1.97025	1.66224	4.20818	3.60913	1.12683
AG	0.817288	3.20021	5.24725	1.65356	0.916664	1.41718	4.28215	0	6.25412	1.65782	1.58363
AG	1.34543	1.83301	1.63103	1.50555	3.31676	2.6512	2.42728	3.22043	1.07919	1.2556	1.70031
AG	5.46581	3.9931	1.67842	3.08961	2.35648	3.57585	4.15949	3.54557	1.38866	3.43907	2.44186
AG	1.27202	1.84461	1.80499	0.873907	2.39432	1.50492	0.952824	1.83298	0.784653	3.7227	2.21088
AG	1.69248	1.873	4.48862	2.58153	1.87722	2.59129	3.82593	2.78388	1.92299	3.53903	2.39783
AG	0.60157	1.39466	0.360593	0.992316	1.81245	0.975974	1.03822	1.17574	0.732042	2.26668	0.984583
AG	7.4574	9.83445	1.36934	4.12503	2.89363	5.74366	7.7321	4.86473	2.77448	10.3789	2.67657
AG	1.17761	0.612248	1.06604	1.07876	2.32201	0.887756	1.03922	0	1.10443	0.641613	0.991542
AG	0.883824	0.600024	1.66918	0.991864	4.37369	0.77951	1.03338	1.46842	2.71645	2.65821	2.90356
AG	1.32958	1.18307	1.04099	1.90999	0.917725	2.48594	1.15987	3.11315	0.394588	1.0366	0.803992
AG	3.47316	2.96002	1.80499	2.95277	2.52577	2.95323	2.53865	0	4.1544	1.08194	1.43578
AG	2.17716	2.87298	0.834162	2.63504	1.97074	1.46088	3.62125	1.86818	1.33905	0.99136	3.19782
AG	1.10727	0.905071	3.32361	1.09183	0.772412	1.58359	1.19056	3.65194	3.4897	1.76716	1.86956
AG	1.2626	1.39466	0.749006	2.9388	0.551321	2.44298	1.53809	1.20833	0.85502	0.84152	5.86337
AG	2.60706	1.67027	1.80499	1.11591	1.00307	1.97202	2.03113	1.17574	2.43533	3.85684	1.84431
AG	1.4502	0.781061	2.41798	2.26117	0.642189	1.53938	1.35966	3.90839	1.3203	1.77394	2.82189
AG	0.9187	1.57269	1.40469	1.19479	0.86637	1.1063	1.39495	1.87321	11.9539	2.393	6.68256
AG	3.52067	1.63326	1.08477	1.28529	0.886691	2.07015	4.15949	1.06499	5.71064	3.62023	3.99299
AG	6.37633	0.565698	1.16417	3.95186	0.522077	3.40615	3.13198	1.73945	1.07254	0.603449	0.812491
AG	2.10889	1.68337	0.749006	2.32589	4.36073	2.23346	2.52577	0	0.910489	1.76918	1.7694
AG	1.39379	3.09995	1.50475	0.408925	2.06785	0.527789	1.97308	0.826494	5.63293	2.52301	4.47313
AG	1.25461	4.2024	5.77834	2.25872	1.36082	2.13084	2.22125	8.63259	2.45289	3.8056	2.62555
AG	4.15347	3.71201	1.80499	2.24528	1.11641	2.8138	6.92845	0	5.42472	1.46217	1.00047
AG	3.20624	3.46204	0.777547	1.77301	0.873953	1.8353	4.70239	0	1.95609	1.34686	0.972688
AG	5.89201	1.82179	3.13265	2.05734	6.81488	2.48211	5.42902	2.7454	0.665494	2.393	3.35836
AG	2.33562	1.25941	1.63103	3.01895	0.769346	4.21066	1.56673	0.836942	3.28659	3.89785	1.59183
AG	4.61721	4.46246	4.91074	4.7565	2.54601	5.40987	5.62899	0	9.61829	3.53903	1.878
AG	0.892572	0.88312	2.94975	2.12939	0.909936	1.71579	1.30758	1.17574	0.866184	0.985921	2.43134
AG	1.95877	1.82179	3.32361	1.77301	1.24082	2.13593	1.72325	0.727148	3.08851	2.67864	1.50548
AG	1.28	1.28027	1.27026	0.918451	1.51359	1.12592	1.41998	1.39601	3.75411	1.12678	2.27517
AG	1.89509	0	3.46564	0.828086	1.44332	1.39138	0	2.55296	0.416682	9.11615	0.543464
AG	1.09369	1.5399	0.71696	1.79682	2.60167	0.977138	1.03577	1.32821	1.25564	1.71292	1.57952
AG	2.81286	2.46901	2.14898	1.75282	1.14805	2.93581	3.39998	3.74803	3.65283	0.887329	4.49947
AG	3.48979	1.0049	1.80499	0.960076	0.654866	1.73643	1.08501	7.19782	2.55459	1.40678	1.77304
AG	0.740065	2.66825	0.911284	0.548285	1.86393	0.446141	3.44104	1.76599	3.29957	4.29346	1.06276
AG	0.812976	1.83301	0.735547	0.88377	0.972063	0.902692	0.999024	2.83	1.11899	0.646196	1.0147
AG	1.83149	0.76478	11.7085	1.6154	1.13568	1.5397	1.8466	1.14942	3.16311	2.21206	1.1357
AG	0.916344	0.767347	4.85769	0.600732	1.03854	0.750388	1.08276	1.12517	1.77521	1.75176	1.00565
AG	2.53345	3.83571	4.06516	2.67606	1.44409	3.09172	3.72132	0	1.11597	3.20136	2.04895
AG	1.03807	2.26096	1.53405	3.35646	3.85206	3.51803	1.4646	1.74997	2.33573	1.23259	6.76824
AG	5.26469	1.17799	5.40939	4.92854	0.998891	8.47215	2.36587	1.12517	3.14458	1.79117	1.86956
AG	5.16999	5.55207	2.37145	7.31577	1.04569	6.99956	8.81889	1.69282	1.21816	0.682553	1.80932
AG	2.20852	0.741269	1.34228	1.30503	1.27257	1.01685	1.99319	0	1.084	1.86681	2.40677
AG	0.85886	2.03345	2.08579	1.67388	0.672626	1.40861	1.24509	7.24303	1.44512	0.914731	0.972427
AG	3.52379	2.88402	2.04979	6.05986	9.66041	6.29645	2.06948	1.34526	3.32405	3.14708	2.4809
AG	2.74481	4.99686	1.80499	1.42763	3.71474	1.84551	7.58282	0	2.71862	2.09874	1.45143
AG	5.08641	2.75693	4.74374	2.28536	0.937984	1.77125	3.69733	1.60539	3.16311	9.60173	1.75284
AG	0.936305	1.21527	1.44202	1.72267	1.60242	1.69545	2.79773	1.15414	1.05251	2.92454	3.54484
AG	1.17028	1.58565	1.80499	2.71113	2.31723	2.44614	1.25452	0	2.05212	0.778118	1.98953
AG	1.36046	0.534495	0.518461	1.77301	0.772412	1.09889	0.710763	2.55296	0.537955	1.55177	1.1622
AG	3.82449	1.0132	1.27026	2.74829	0.884129	1.16094	1.38034	0	1.06671	0.619911	1.13805
AG	1.18839	1.66601	1.31782	2.33816	2.8793	1.61516	1.07238	1.09625	1.97868	1.0366	1.84549
AG	5.68574	0.612248	1.04099	5.01535	0.382132	4.00571	1.83684	1.21684	0.93409	0.816819	1.75548
AG	1.75023	0.794978	1.38814	1.20481	0.976	1.08519	1.11962	2.88589	3.20734	1.70878	3.36237
AG	2.25722	1.56574	1.16417	0.927972	1.43827	1.2721	2.40412	3.99506	1.18427	2.67564	2.11868
AG	0.778114	1.34507	1.06604	1.08519	1.66499	1.76769	0.775724	0.650673	0.634476	2.02847	1.8218
AG	2.85127	2.43725	0.777547	0.828086	7.66139	1.27694	2.12651	0	0.829641	2.24214	0.662804
AG	0.789891	1.09603	0.605273	2.88151	0.900917	2.88105	0.833964	11.3725	0.531174	1.16751	0.874346
AG	1.18946	1.45299	2.32741	1.0344	3.1307	1.40188	1.99319	1.15285	1.80327	2.66375	6.14237
AG	0.732047	2.55665	1.04099	1.66931	7.82657	2.35688	2.0515	1.12517	1.48301	1.29375	3.39875
AG	1.17028	2.20052	2.37145	2.74384	4.28201	2.54195	1.58778	0.834693	2.3287	0.913186	3.60544
AG	6.72575	5.59443	1.19444	2.68885	1.19097	3.18005	13.3971	1.83298	5.69397	2.42583	2.47059
AG	3.26814	0.937435	1.27026	4.60209	0.881456	2.79679	2.08253	0.706118	1.8077	0.848509	1.18958
AG	0.584398	1.99285	10.9052	1.24417	0.639819	0.912252	1.39047	1.32821	7.93103	1.06503	2.20924
AG	3.18833	1.54861	2.1105	1.26869	1.13219	2.19613	5.16652	2.23482	1.03451	2.26758	2.5454
AG	2.25552	7.7938	0.762202	0.680094	0.879313	0.82244	6.7008	0.848543	0.606607	0.775125	0.731798
AG	0.992029	0.639349	1.34228	3.01895	1.21762	3.3233	1.28027	1.69282	1.32586	1.49208	2.04814
AG	2.66652	1.28729	2.77812	0.88377	1.20789	0.917936	1.69727	4.68881	3.74053	2.2755	3.5458
AG	1.84823	1.53607	2.99904	1.5348	0.686541	1.3973	0.913901	0	1.05521	0.852243	0.475812
AG	2.59603	3.08004	1.80499	1.269	0.777782	1.23885	4.12308	0	4.23076	3.20616	11.6355
AG	0.607845	0.720614	4.91074	1.10776	2.60725	0.897121	0.586385	0.632991	3.13405	1.19196	1.75284
AG	0.867576	4.06726	1.80499	1.90999	2.97928	0.812964	1.40269	0.727148	1.2047	1.27192	1.486
AG	1.75023	1.58876	1.11748	2.09033	4.61598	1.51469	1.10467	1.12517	0.62985	0.759926	2.18909
AG	1.873	9.08462	2.43578	3.15933	1.89981	3.43614	5.89411	1.72491	0.696089	3.0138	2.16149
AG	2.25722	2.12794	1.27026	1.38993	1.79784	1.89508	4.7324	0	0.991879	4.17293	0.82872
AG	1.19036	0.84043	1.08477	1.44686	1.18486	0.952295	1.13228	0	1.11527	1.13808	0.909931
AG	0.884495	1.29539	4.3065	1.21445	1.93478	0.95999	1.39932	2.91485	0.776102	0.814214	1.01286
AG	0.72879	1.0554	2.71342	0.605924	1.18455	0.57036	0.782752	2.83	2.95114	0.833937	0.606916
AG	1.75546	1.25941	2.77812	1.38993	1.62772	1.31033	0.804136	2.77831	0.928616	1.03198	0.91294
AG	1.08783	3.08512	2.12005	0.866296	3.33138	0.807547	5.55332	0	1.24871	1.33549	0.748682
AG	1.03807	1.70182	1.16417	0.954308	2.48006	0.917373	1.99319	1.4473	1.40899	0.712132	0.681279
AG	1.7908	9.51811	10.4077	2.57312	6.55381	2.57403	6.65384	1.31788	7.57368	2.73328	3.14342
AG	3.43705	1.53539	1.38814	3.7191	1.97176	2.65817	1.89877	4.21127	1.32996	2.27051	1.69052
AG	2.54115	2.15918	0.932095	1.2484	1.6289	1.8353	1.40915	0	0.866184	1.65963	1.90567
AG	1.23404	1.98838	2.91447	1.52715	2.32403	1.86819	2.27552	1.85838	2.21129	2.52301	2.47706
AG	7.18106	1.31017	3.74448	7.07075	0.959119	5.78463	2.86517	0.874049	2.40021	7.56047	1.40094
AG	1.52068	2.87573	1.40469	2.19376	1.75487	1.76008	1.30313	1.34526	3.64426	2.16096	2.2124
AG	2.40517	2.48302	1.80499	0.60343	4.28613	1.00062	2.48713	0.780701	1.16004	6.07408	0.74799
AP1/AP3	0.735498	0.781061	1.58094	1.16654	1.23626	0.855809	0.93928	1.39601	1.62689	3.45776	1.84087
AP1/AP3	5.43565	2.00616	1.44202	3.96558	1.5027	4.70534	3.00775	0	1.32557	2.62883	3.48896
AP1/AP3	2.73699	2.43109	2.08579	4.68133	0.473158	3.68261	2.8912	1.4473	3.22251	3.02364	1.54292
AP1/AP3	2.34444	1.87805	2.24229	1.06417	0.910217	1.21625	2.47603	0.713787	2.30819	1.3259	1.59768
AP1/AP3	0.511657	1.46822	1.19444	1.43453	4.06567	1.2721	1.62275	0	0.91746	2.09874	2.61317
AP1/AP3	1.40925	4.46569	1.44202	3.06495	3.44742	2.38212	3.5258	1.83298	0.857226	3.9597	3.06128
AP1/AP3	2.08303	1.4181	3.83021	1.23467	1.27682	1.26893	1.60784	0	1.40284	3.10934	1.03533
AP1/AP3	1.27202	1.89316	1.34228	1.29353	2.53333	1.02261	1.43394	2.19797	1.05436	2.17196	1.64207
AP1/AP3	1.72025	1.09603	3.09841	0.902782	0.971573	1.42393	1.20885	3.01586	0.879883	0.876353	0.822037
AP1/AP3	1.86971	1.02502	0.791652	0.417022	3.99913	0.543581	1.38833	0.411904	0.692729	1.15053	0.61119
AP1/AP3	4.37129	3.19272	0.735547	4.0854	7.27531	5.67958	4.13638	2.2274	5.91728	1.90558	3.85799
AP1/AP3	2.26813	0.926467	2.24229	1.77041	1.89945	1.23494	0.874307	2.15365	2.66808	1.82899	1.98204
AP1/AP3	1.31142	0.843606	1.40469	2.84936	0.958292	2.64739	0.897842	5.02724	1.0839	0.48087	1.28529
AP1/AP3	1.50992	1.54861	0.777547	0.996538	1.26249	1.09708	2.5836	2.05639	2.41416	1.93407	0.929107
AP1/AP3	5.07903	2.20052	10.4077	1.86828	1.22297	2.25992	5.31332	0.848543	3.39189	0.566138	0.601643
AP1/AP3	2.19815	1.51195	1.31782	1.82956	0.264158	1.85841	1.45166	0.632991	0.612561	2.87768	1.53743
AP1/AP3	1.60936	2.65787	0.681031	1.13893	1.40904	1.19243	2.26108	2.39725	3.55181	2.0675	0.589594
AP1/AP3	3.03077	2.14914	5.07924	6.79918	2.81493	6.89875	2.3971	1.11048	7.58586	6.00957	10.06
AP1/AP3	6.52269	3.71201	4.57276	1.34796	2.40635	1.67497	4.36239	0	2.81461	2.81636	2.58971
AP1/AP3	3.30018	7.5918	1.80499	6.30105	2.37031	7.80789	4.10081	1.01573	10.3404	3.97538	1.38391
AP1/AP3	1.25368	1.17179	2.37145	1.38993	0.740938	1.48661	1.18305	3.40473	1.93529	1.04458	1.10982
AP1/AP3	12.3656	5.7148	2.14898	13.4661	1.66877	9.12178	3.50951	55.1628	2.22178	1.58234	3.01087
AP1/AP3	1.06335	2.6119	0.705296	0.936798	2.67831	0.88688	2.25064	2.48425	1.5657	2.24627	3.01829
AP1/AP3	3.48886	1.72865	1.11748	1.75868	1.40094	1.66444	2.06159	2.88589	1.44367	3.09987	1.64642
AP1/AP3	0.584057	2.1723	3.20288	0.494232	1.13568	0.677224	1.82616	1.4473	1.12026	4.70114	1.07875
AP1/AP3	2.07641	1.56738	5.9325	3.64257	0.767522	2.59746	1.2417	1.76599	1.488	1.23479	4.36185
AP1/AP3	6.67711	7.16094	4.23374	8.25852	4.85453	5.14809	4.75436	0	2.88881	1.23479	3.59606
AP1/AP3	2.67699	1.38747	1.16417	2.3912	1.07029	2.73488	3.40614	0.826494	0.434392	3.71521	2.37803
AP1/AP3	0.932018	1.45736	3.46564	1.43375	1.58679	1.30521	1.50467	0	2.47354	4.18716	4.575
AP1/AP3	1.93505	1.58876	0.777547	6.90253	1.13568	3.70683	1.57625	1.17574	2.9795	0.917269	0.875009
AP1/AP3	3.85651	1.63326	2.2998	2.10447	0.816763	1.93565	1.77108	0.343707	1.43367	1.28005	1.47898
AP1/AP3	4.94599	0.406484	1.13239	4.37592	1.70121	6.9204	2.16468	0.514995	1.32211	1.0231	2.53958
AP1/AP3	0.712261	1.00319	0.791652	0.778307	1.17675	0.753622	0.738297	1.49211	3.22251	1.12678	0.646229
AP1/AP3	0.585968	3.40344	0.777547	1.23467	1.80936	1.10688	1.48343	0	2.95317	1.85873	0.668266
AP1/AP3	1.06335	2.70091	1.48178	0.969615	1.80318	0.938133	2.04591	0	7.87229	5.15521	3.89314
AP1/AP3	9.23483	1.53799	3.05298	4.09985	1.75911	3.66285	3.02336	0	1.27993	4.9034	1.63498
AP1/AP3	22.1196	4.82464	2.74225	12.9284	1.29922	12.4068	3.43756	4.32809	2.29655	2.42178	3.64134
AP1/AP3	1.53621	0.979963	0.360593	1.09886	1.72886	1.0187	1.03922	4.09809	0.738141	1.53409	1.03923
AP1/AP3	2.69002	0.724988	1.19444	4.86137	0.977269	3.31296	1.49198	17.1406	4.03705	0.985921	1.6281
AP1/AP3	5.96004	2.794	2.92476	5.52381	2.32594	8.25029	3.99452	0.934369	12.9496	1.17525	5.41999
AP1/AP3	1.00321	1.95488	4.1575	1.65976	9.20358	1.52729	1.13228	1.5376	1.17764	1.27711	2.40712
AP1/AP3	2.51992	1.48662	10.4077	1.38993	1.63473	2.39184	2.47122	3.32548	1.68973	2.43743	1.32609
AP1/AP3	5.80322	4.3877	1.40469	6.76001	1.49227	6.31269	3.74725	2.48698	1.30155	1.46295	1.44459
AP1/AP3	2.04903	3.19272	1.63103	1.44136	5.01291	1.73354	2.91445	0.882901	3.32905	1.09579	2.3295
AP1/AP3	0.663418	0.828831	0	0.998401	1.41116	0.78184	0.927867	2.17318	1.07438	2.00366	0.718082
AP1/AP3	3.38375	1.58565	2.24229	2.13436	1.04457	1.61218	2.76567	0.972698	2.13022	1.25374	0.976745
AP1/AP3	0.91037	1.0554	1.48178	0.612303	2.68648	0.890785	1.4011	3.29326	1.3863	1.53409	3.71369
AP1/AP3	3.68943	1.89316	2.14898	8.16036	1.39348	6.79768	6.02481	1.02366	2.19178	2.04753	7.24875
AP1/AP3	1.07361	1.25478	0.911284	2.24904	4.12043	2.04629	0.866293	0.650673	0.807945	0.41107	0.883902
AP1/AP3	0.546955	1.28729	1.38814	0.875962	2.04582	0.839224	1.11549	1.06499	0.866184	1.05539	0.682156
AP1/AP3	1.61799	1.16489	1.22376	2.3912	1.27682	3.71404	0.866293	0.916841	0.925395	1.38415	3.48896
AP1/AP3	6.40059	1.60854	6.62229	7.13992	1.27676	12.2027	2.52233	1.76599	0.423065	1.39156	1.99219
AP1/AP3	1.74267	1.07551	1.04099	2.98928	1.20331	3.29441	1.14827	0	0.718725	0.606555	0.783931
AP1/AP3	0.911282	1.44514	1.58094	1.13273	0.505033	0.974629	1.09603	3.29326	1.44638	1.03432	1.58062
AP1/AP3	1.53621	4.37677	2.2998	1.03213	1.30433	1.08274	3.24501	0	5.22242	4.9547	3.42681
AP1/AP3	1.35046	1.27547	0.605273	0.822748	1.38769	0.974629	1.20885	3.68308	1.67926	6.91732	1.08569
AP1/AP3	2.87834	2.46901	1.16417	5.75359	3.0218	7.61075	3.74442	1.4473	0.843704	0.793398	2.13345
AP1/AP3	3.15464	1.69774	1.11748	1.15287	0.948854	1.74367	4.19285	1.27567	1.2931	5.3056	1.92263
AP1/AP3	0.594517	1.49211	1.27026	2.9388	1.95874	2.95323	1.53605	0.882901	1.25375	0.713538	1.47083
AP1/AP3	5.33727	2.13791	0.870886	0.791315	0.624225	0.820489	1.13228	0.905124	1.09913	1.76115	1.53435
AP1/AP3	1.01006	1.31017	0.992689	1.48842	1.10383	1.48661	0.516571	2.9478	0.471533	0.43676	1.05195
AP1/AP3	5.25156	2.20052	1.19444	3.46149	2.52165	5.38273	4.40345	0	2.40153	6.52856	2.55245
AP1/AP3	2.42186	3.30978	1.11748	5.35051	0.899644	4.82391	4.55029	2.19797	0.687565	1.36821	1.58125
AP1/AP3	2.20852	2.24198	1.16417	1.38993	0.605265	1.6576	1.98587	1.17574	1.04258	1.36605	1.23613
AP1/AP3	1.7372	2.04613	1.80499	1.81949	1.19091	2.0018	1.75845	3.17096	1.01694	1.01692	2.75641
AP1/AP3	5.05392	5.08872	1.19444	3.10796	1.72683	2.09181	3.76824	0	0.842523	1.82064	0.940691
AP1/AP3	1.17761	3.80253	1.44202	1.75756	0	1.08274	2.67821	0	0	0.0464474	0.252004
AP1/AP3	2.67051	1.63326	0.705296	3.80489	1.32517	2.54658	3.97365	1.03516	1.01332	0.684932	0.726599
AP1/AP3	4.80629	1.02357	1.27026	5.48063	1.06706	7.31357	2.61091	1.57788	1.95652	0.984631	1.81302
AP1/AP3	2.57539	1.57269	1.53405	2.61419	0.91419	2.90715	3.35394	0	2.09781	0.969746	1.16
AP1/AP3	0.897851	1.66412	0.754718	2.17397	0.500881	1.8232	1.55118	0.934369	1.01319	0.913186	2.37708
AP1/AP3	4.86747	3.96318	2.60626	6.54517	0.765479	4.96723	5.25162	9.61245	1.12986	0.973036	1.58666
AP1/AP3	0.688391	0.612248	0.834162	1.27407	2.11185	1.61429	0.566766	0.650673	3.1298	1.65513	1.33016
AP1/AP3	2.48137	0.859529	1.27026	1.91295	1.00591	3.02329	7.0472	1.09625	1.30474	1.66564	1.60079
AP1/AP3	2.3654	1.09603	2.27584	1.57002	1.17402	1.84072	1.03577	3.22043	1.75526	1.20833	2.53521
AP1/AP3	2.13959	1.24383	3.25854	1.79682	0.871936	1.88122	1.86818	2.61312	2.30819	1.34686	1.67048
AP1/AP3	1.53621	1.12685	1.58094	1.82956	0.884533	1.16314	1.17527	0	1.97868	1.89995	1.29374
AP1/AP3	0.897443	3.64274	1.40469	2.28536	1.28324	1.59487	2.6117	1.39601	1.76624	0.787231	1.2243
AP1/AP3	5.52696	1.11553	1.16417	3.07313	0.499508	3.81981	2.81299	0	0.91746	0.932163	1.25116
AP1/AP3	5.7159	6.80421	2.66839	2.92463	4.09376	3.52573	7.90583	2.57433	2.47071	2.87768	7.18439
AP1/AP3	0.673195	1.57269	1.48178	1.2484	1.75899	1.07374	1.06684	1.06499	0.897506	0.687666	1.64207
AP1/AP3	0.673195	1.57269	1.48178	1.2484	1.75899	1.07374	1.06684	1.06499	0.897506	0.687666	1.64207
AP1/AP3	1.62777	1.18307	0.992689	1.20782	1.75971	1.75839	1.4438	1.72491	2.5848	1.07154	4.46423
AP1/AP3	3.05969	1.53935	2.52098	4.42199	1.23512	4.48881	1.30373	0.95438	2.8847	0.862781	2.7004
AP1/AP3	1.19445	0.607016	1.27026	1.02614	0.728648	1.42748	1.05249	4.83146	1.24047	1.2853	2.3056
AP1/AP3	2.87953	6.74182	2.48749	10.0263	3.99446	11.1138	3.29148	1.57788	3.29167	1.66229	3.07583
AP1/AP3	4.66341	1.21527	1.97261	6.34147	0.783686	6.21885	5.60721	0.861667	1.00074	1.11258	1.59663
AP1/AP3	2.48459	5.07963	0.870886	3.90822	13.4223	4.49704	2.3971	0.740902	2.18666	1.25939	4.89088
AP1/AP3	3.29581	3.74725	6.00636	2.8992	3.60861	3.01822	4.76861	1.93545	1.7285	1.52472	2.08563
AP1/AP3	1.80076	2.33543	0.870886	2.66422	5.7806	1.76941	2.63533	1.39601	3.46572	2.55555	1.8301
AP1/AP3	7.663	8.59522	7.06203	4.55869	1.4916	3.76776	9.61583	1.5376	5.27175	3.08081	2.98056
AP1/AP3	3.99549	2.09215	1.80499	4.66129	2.73995	5.87051	2.2586	1.24844	1.57838	1.40678	5.62473
AP1/AP3	1.38744	0.859529	0.834162	1.57492	1.10461	1.53866	1.20155	0	1.19363	1.93407	3.51359
AP1/AP3	2.01809	13.0804	0.518461	0.70556	1.58906	1.347	9.01881	0	3.55508	2.43743	0.715415
AP1/AP3	1.10368	0.767347	1.16417	0.883183	0.359294	0.954271	1.19608	2.50649	0.897057	1.01398	1.0657
AP1/AP3	0.56488	2.6758	2.60626	0.944674	1.45449	1.10429	1.86416	1.95309	1.38146	2.81298	2.03336
AP1/AP3	2.21103	1.99285	0.992689	2.48324	2.03734	2.12793	1.89492	4.52381	1.43367	1.28338	1.25471
AP1/AP3	4.6401	3.37925	3.60908	5.42749	2.37149	5.55756	2.44548	3.14305	6.72972	3.89785	5.85165
AP1/AP3	3.42678	2.09776	1.57	4.47539	1.3116	2.95323	2.41379	3.01586	0.934371	2.96873	7.03804
AP1/AP3	3.65541	3.40344	1.80499	3.35646	1.62951	4.33195	5.56799	1.95691	2.89124	3.03772	7.86669
AP1/AP3	1.88111	1.39466	1.16417	2.81419	0.747506	2.26946	1.3464	1.39601	0.768626	0.609896	2.63515
AP1/AP3	4.95094	3.48977	4.23374	0.910349	0.78947	1.04155	4.10081	9.35249	5.45568	1.48178	0.647201
AP1/AP3	1.16703	1.03713	0.653076	1.72267	0.802626	1.89949	1.07459	3.29326	1.19313	0.314879	0.657581
AP1/AP3	1.24036	0.694703	1.48178	1.27087	1.83166	1.66813	0.782752	0	2.61939	1.19607	2.39861
AP1/AP3	1.28453	0.43466	1.60974	2.03128	0.9027	1.90899	0.913901	2.08681	0.645949	1.90953	2.67562
AP1/AP3	3.99355	0.979963	2.94975	15.5324	1.3463	6.33339	2.21181	1.22314	1.64645	0.605051	0.932162
AP1/AP3	1.09369	1.39932	0.870886	1.75536	0.618834	1.46088	1.0414	3.50093	1.25128	0.697162	0.91183
AP1/AP3	3.32957	2.32839	2.87888	2.41759	1.19607	2.47485	2.67821	1.25375	1.34463	1.15954	6.32056
AP1/AP3	1.67848	1.75572	3.23904	2.58474	0.937455	1.6628	3.40162	0	2.66654	1.57005	2.3436
AP1/AP3	2.47621	1.16317	2.14898	2.63504	4.49891	3.31296	1.76724	4.75182	1.89924	1.90655	2.63658
AP1/AP3	0.780485	3.44104	4.31119	1.73567	1.10383	1.49338	2.942	1.4628	3.31803	1.62148	5.0825
AP1/AP3	2.65102	1.8298	0.700816	1.90542	0.574553	2.64466	1.64135	0	1.12548	0.831434	0.659131
AP1/AP3	0.703737	7.10031	0.932095	2.71113	6.73069	2.06688	5.01586	1.4473	2.77951	7.06543	0.750856
AP1/AP3	1.31806	1.50135	0.681031	1.42375	1.64546	1.26893	2.574	1.39601	1.59454	2.09874	0.987853
AP1/AP3	2.03706	4.36699	3.46564	1.08248	3.94088	1.00538	4.31737	0.735525	2.81262	2.61632	4.2625
AP1/AP3	2.07027	1.83301	1.19444	1.84279	1.72301	3.54731	2.29981	6.6375	0.87602	0.952297	1.03501
AP1/AP3	0.566406	0.59558	0.451586	1.171	3.62014	0.925858	1.00285	1.20833	0.534339	1.45011	2.47567
AP1/AP3	2.39425	3.01727	2.12005	2.10447	1.2845	3.81981	6.52804	2.09249	1.31163	2.78044	2.78325
AP1/AP3	1.79694	1.72355	2.55732	3.11742	0.598044	3.20083	3.42492	1.4628	1.2176	1.34686	2.25877
AP1/AP3	1.39276	0.859529	0.753302	1.52436	1.48611	2.5358	0.76983	1.29457	0.63689	0.684932	2.67607
AP1/AP3	2.61932	1.21527	1.56614	3.05125	1.44262	3.13286	2.13608	1.34526	1.19418	10.492	6.11864
AP1/AP3	3.43834	4.99686	7.78805	1.49337	3.7464	2.72206	5.62373	0	0.872589	1.66809	1.49015
AP1/AP3	1.40418	3.24413	2.01687	0.664382	0.905618	0.896804	3.41049	3.20521	2.46829	2.61156	2.55174
AP1/AP3	4.23504	1.82179	1.66918	4.12503	1.38343	3.91292	2.47723	2.19797	1.80093	2.71863	5.43757
AP1/AP3	1.95613	2.75693	4.91074	1.44354	1.41596	1.69273	2.05638	2.19797	1.79005	3.99575	1.12665
AP1/AP3	1.15051	1.68337	4.42037	1.47767	0.963677	2.23346	1.30758	0.861667	9.11589	1.69836	2.61086
AP1/AP3	0.578157	1.00852	0.605273	0.985396	1.72954	1.76008	0.759794	1.01573	0.685901	0.855142	0.761686
AP1/AP3	1.4718	2.12794	4.06516	1.38993	1.29309	1.75596	1.29303	1.01006	1.78376	2.47736	9.46014
AP1/AP3	5.26174	2.80271	1.31782	3.85797	1.50476	3.41442	3.9083	0	1.28275	2.15362	1.89503
AP1/AP3	0.834564	0.812713	0.518461	0.60677	0.957019	0.578009	1.01714	10.0234	0.981465	1.76551	0.553909
AP1/AP3	1.39065	1.29285	6.49337	1.20851	1.28552	1.8973	2.15862	0	1.69505	2.78044	1.3763
AP1/AP3	3.88411	1.7591	4.85769	5.56873	1.1098	3.41131	5.03222	2.73336	0.653408	1.82899	3.67214
AP1/AP3	0.664342	0.67491	1.04099	0.748716	0.932161	0.650039	0.855348	4.97107	1.164	0.870326	1.40381
AP1/AP3	1.78578	3.59621	6.71546	1.82956	3.9701	1.89949	2.81299	4.492	4.54496	5.55197	1.65945
AP1/AP3	1.9118	0.477892	0.663656	0.692334	0.898328	0.97143	1.02623	0	1.20097	4.82736	0.914623
AP1/AP3	0.726431	1.89981	4.1575	0.911491	2.54898	1.20163	1.50055	1.49211	2.51559	4.08844	2.73397
AP1/AP3	1.40704	1.97314	1.80499	2.28536	2.09224	1.99217	1.69447	1.39601	2.93784	0.814214	2.14913
AP1/AP3	1.93505	1.51128	3.96917	3.01448	1.52358	2.5365	2.10314	3.35512	2.21754	3.41376	3.88393
AP1/AP3	1.38638	2.50868	2.19551	1.42763	1.44166	1.05535	3.71416	1.98178	6.15758	1.97226	5.2935
AP1/AP3	1.15299	4.70395	5.68775	0.855397	1.29359	1.01622	2.942	0	1.03451	3.52601	1.00433
AP1/AP3	3.32388	1.22536	2.66839	7.11848	0.493663	6.27279	2.29755	4.56258	1.1761	0.933562	1.18311
AP1/AP3	3.01169	6.89972	2.9204	1.82736	1.51009	2.17323	4.29397	2.13386	8.29497	9.08161	5.45629
AP1/AP3	4.0258	5.34005	2.8151	4.83716	3.83598	6.00956	8.19625	4.23803	2.61227	2.48419	2.04763
AP1/AP3	2.88869	0.598651	2.08579	2.72998	0.757997	3.64331	1.52467	1.69282	0.94223	0.918235	1.39233
AP1/AP3	1.92392	3.54284	4.48862	1.10776	4.1692	1.25136	1.97818	3.07413	3.59389	1.53876	1.733
AP1/AP3	7.48113	7.68409	1.80499	10.3463	2.60477	5.21079	7.89877	2.15989	4.43289	1.90953	1.31838
AP1/AP3	4.774	3.11031	4.10107	6.23791	0.935571	5.37414	4.86525	2.51458	1.99449	3.2243	10.9007
AP1/AP3	1.05091	5.59443	1.99473	2.67755	2.93571	2.37756	2.74227	2.00183	2.92446	3.57535	3.64339
AP1/AP3	2.75634	0.717586	2.04979	3.05125	2.0952	3.23488	1.33304	1.83298	1.82943	0.870326	1.69234
AP1/AP3	0.612989	0.82085	3.74448	3.45878	0.814487	2.55557	0.787472	1.39601	0.679501	0.901675	1.40529
AP1/AP3	3.29369	0.847384	1.80499	3.01895	0.97421	3.46965	1.19263	1.01573	0.553352	0.586795	1.04737
AP1/AP3	1.65598	0.639349	0.681031	1.27407	4.44238	0.875568	0.614516	0.99232	0.407013	2.15869	0.681647
AP1/AP3	2.51992	3.66096	6.92066	1.4655	1.0015	1.44141	2.49088	0	2.69978	1.04313	1.38049
AP1/AP3	2.40517	1.36164	2.37145	1.80241	2.58211	2.40589	1.0414	0	0.584175	0.794391	1.33901
AP1/AP3	2.39425	1.25941	2.08579	5.86125	1.07237	4.56641	1.1138	1.27567	1.75751	1.11531	1.84299
AP1/AP3	1.12671	0.663409	1.30474	2.9388	2.34409	2.44298	0.732536	0	1.00707	1.07035	1.39819
AP1/AP3	4.17767	1.01756	1.63103	2.72998	1.16879	3.04567	2.47723	1.71472	0.882896	1.16315	3.85024
AP1/AP3	1.31806	2.28037	1.27026	2.85269	3.20686	1.19598	1.24026	0.679067	2.80585	0.840283	2.17348
AP1/AP3	1.24407	1.56574	0.696749	1.38993	0.944404	1.72871	2.15862	5.25189	1.13924	2.0921	4.40007
AP1/AP3	0.874814	3.07255	0.959913	1.26812	0.923943	1.53987	1.98113	0.874049	0.777664	2.3217	1.44623
AP1/AP3	1.07912	1.76999	2.08579	1.38993	3.3781	1.0462	1.92934	4.89877	0.883281	2.38035	3.97369
AP1/AP3	1.29439	5.35574	0.870886	2.69972	2.41359	3.65836	3.1213	7.6799	1.72293	1.20833	1.43222
AP1/AP3	2.20039	9.07594	5.19268	2.48324	2.00201	2.74453	4.36741	10.4922	12.8122	2.45615	3.93954
AP1/AP3	1.02846	1.15865	3.74448	0.988427	1.39794	1.13567	1.79698	0	4.17036	1.01576	1.98204
AP1/AP3	2.39425	2.37276	1.27026	1.67865	1.58416	1.96095	2.67821	0	0.805845	2.04753	1.85529
AP1/AP3	11.5547	10.9425	3.66288	5.59437	5.88281	4.08827	9.35509	16.274	2.57453	2.63888	3.24383
AP1/AP3	2.88869	2.12794	1.27026	1.50008	1.50243	1.60372	1.58544	2.61312	1.17255	2.06663	0.821804
AP1/AP3	2.81635	1.49211	2.24229	1.38993	1.16031	1.34169	2.44226	0	1.23672	3.38398	2.1771
AP1/AP3	1.26983	2.43725	8.66485	1.14596	0.937383	1.29371	1.93542	0	2.36572	1.04313	1.55058
AP1/AP3	0.594517	0.902387	1.99088	1.58651	0.957284	1.36915	1.40677	8.11736	0.89786	0.829965	1.33205
AP1/AP3	1.17371	0.684207	1.40469	1.85849	0.615239	1.34943	0.726893	3.77535	1.20097	1.2479	0.851836
AP1/AP3	1.24837	1.02357	2.47634	1.114	2.43568	1.20855	2.09339	5.42209	0.796383	1.78925	3.95952
AP1/AP3	1.9921	1.11553	1.36082	0.980002	0.828156	1.05535	2.71113	0	3.57036	1.50606	0.683708
AP1/AP3	2.69002	4.33446	1.60974	0.93368	3.13004	1.22651	5.58176	2.26652	3.88321	5.88387	3.58969
AP1/AP3	0.977102	1.54861	1.01294	0.710655	1.66399	0.630398	1.62131	1.06499	1.30155	3.65478	0.903315
AP1/AP3	0.367708	2.37276	1.31782	1.2484	3.52616	1.50121	1.58125	0	3.4993	2.53477	1.18064
AP1/AP3	1.24407	0.896991	1.16417	1.58144	4.81327	1.6628	1.56673	1.69282	1.62689	1.89718	1.99564
AP1/AP3	2.83896	3.66096	2.04979	3.60996	0.653722	3.53678	3.68034	14.227	1.35546	0.941314	1.25415
AP1/AP3	3.01996	1.05174	0.97733	2.54212	1.29005	1.90784	1.86818	2.62968	5.2619	1.18125	2.64569
AP1/AP3	1.66545	3.0268	3.32361	1.6154	2.39292	1.57508	2.70358	1.636	3.20557	1.16212	3.02843
AP1/AP3	2.47843	0.88312	1.01294	2.28536	1.97448	2.36447	1.2387	1.02366	1.44202	0.815803	1.68123
AP1/AP3	1.01875	0.639349	1.80499	0.971961	1.58031	1.17789	1.56673	2.91485	1.3728	2.13521	4.50836
AP1/AP3	1.79886	3.80253	0.360593	1.10776	1.03425	1.00453	5.81668	0	1.54058	0.821206	0.672243
AP1/AP3	1.32529	5.34005	3.46564	2.03911	2.24756	2.95323	4.44985	2.98937	2.10745	2.01118	4.96326
AP1/AP3	1.88111	1.63326	1.11748	4.17904	0.934497	6.30105	1.92934	7.7617	2.12693	1.72619	1.61323
AP1/AP3	3.16815	4.08862	2.37145	1.06908	1.94468	2.79199	3.57417	0	4.2442	3.43847	1.53511
AP1/AP3	1.54239	3.44104	1.80499	1.15831	3.4044	1.84324	2.04591	0	1.45472	0.797016	2.07861
AP1/AP3	6.06203	6.02481	1.27026	8.67296	12.3672	4.97799	4.86638	1.06499	3.28755	4.31011	2.44186
AP1/AP3	5.88478	4.94153	2.60626	6.72509	5.08942	6.49045	8.27831	0	11.3722	2.45793	4.49605
AP1/AP3	1.41695	0.757975	1.18392	2.20914	0.861668	2.33976	1.00497	0	0.464457	2.25493	1.54992
AP1/AP3	1.49194	2.476	1.80499	0.7614	1.01457	1.19811	2.60852	0	1.2861	2.33402	0.553909
AP1/AP3	10.9495	1.9044	4.31119	7.98596	1.27753	10.9349	2.61301	2.7454	5.15694	1.87299	4.89519
AP1/AP3	2.13028	4.64462	0.932095	3.29448	2.23469	4.3125	6.3136	0.861667	1.22677	2.54808	3.1332
AP3/AG	1.59726	1.34507	1.80499	3.0157	1.6386	3.10243	1.60784	0	1.11685	1.98854	1.24401
AP3/AG	5.76338	5.29517	6.93875	6.34147	1.79697	7.32468	4.02797	1.34526	3.95926	1.33294	6.74626
AP3/AG	0.671605	1.67326	1.20861	2.1318	0.290725	1.628	1.57756	0.934369	0.797587	2.27084	2.36652
AP3/AG	2.78148	2.2479	1.27026	6.23166	3.51463	8.17276	3.2143	1.32821	0.640237	1.14277	1.30231
AP3/AG	2.35664	1.85438	1.16417	2.58153	1.34708	3.24824	2.22689	0.99232	0.964961	3.85684	1.31195
AP3/AG	4.93155	1.17179	2.43578	3.35646	1.46864	3.97503	3.72449	0.882901	1.71433	1.99102	9.05228
AP3/AG	3.97114	0.979963	0.71696	4.57879	0.781013	8.29548	3.32625	1.23635	0.594512	2.57633	0.833931
AP3/AG	2.40517	2.39489	1.80499	1.12075	0.787909	0.829039	0.913901	0	0.734649	1.90953	0.886692
AP3/AG	2.90119	2.35256	0.762202	1.88118	4.83942	1.62893	2.19637	2.13386	1.08286	7.87407	3.04256
AP3/AG	0.99122	1.0866	1.99088	1.27578	1.02478	1.12514	1.10561	5.34439	1.00316	0.795707	0.656678
AP3/AG	1.44505	2.8884	0.834162	0.896778	2.8541	5.64561	1.24509	1.29457	0.872589	1.75176	0.904242
AP3/AG	0.867576	1.435	0.97733	0.977454	2.21517	0.852028	1.13228	0.603959	1.01869	1.40929	1.20852
AP3/AG	1.23404	1.38564	3.26311	1.21445	1.42559	1.53866	2.32409	1.43374	0.767512	1.93407	9.39068
AP3/AG	1.82958	2.30321	1.97261	2.34404	1.99913	1.98151	1.46838	1.03516	6.55267	2.17196	5.18916
AP3/AG	1.65895	0.99021	4.09232	2.10447	0.940694	1.25388	0.943099	1.39601	1.3203	2.60408	2.05949
AP3/AG	9.01781	1.07249	1.27026	3.86519	1.07229	7.24668	3.63848	0	1.19193	0.782145	1.75604
AP3/AG	4.5499	1.00072	1.44202	3.57506	1.0015	3.89595	2.20035	1.39601	3.08089	4.0212	4.68192
AP3/AG	3.5969	1.19187	1.80499	1.50008	3.01061	1.75596	1.2047	0	4.10158	1.28005	2.40112
AP3/AG	6.22249	1.20829	2.60626	21.5177	0.661784	8.31566	2.75479	2.47772	1.75828	0.961286	0.923569
AP3/AG	2.28891	2.58388	1.07228	1.44512	2.06612	1.16662	2.25762	0	3.437	3.56559	1.69408
AP3/AG	4.80629	3.73385	0.762202	2.95663	1.84598	3.80039	5.64458	2.22202	0.778165	0.99136	2.29384
AP3/AG	3.52102	5.39441	2.54413	1.16654	1.54149	2.47485	2.7829	2.70083	3.77392	1.14492	1.62294
AP3/AG	1.66129	2.9796	1.80499	0.422374	1.40305	0.694874	3.74725	2.03332	3.5176	2.96873	0.945246
AP3/AG	5.76705	6.0294	0.728779	10.7925	12.7402	6.62965	4.6966	2.85196	3.38038	1.87299	4.39624
AP3/AG	1.98207	1.36164	4.57276	1.23869	4.03907	1.18685	1.41998	1.20833	3.57552	2.70052	3.51745
AP3/AG	5.18799	1.25941	2.43578	3.51497	1.06961	4.69679	3.1744	1.10526	1.17295	1.75176	2.60661
AP3/AG	2.61324	4.64462	1.80499	3.24371	1.32028	2.39506	8.16325	6.93121	3.77908	3.57117	5.6273
AP3/AG	2.54583	0.672461	1.04099	2.8992	1.88772	2.75261	1.38747	0.848543	0.442359	0.925888	1.13152
AP3/AG	5.27554	1.32549	8.47129	6.80681	1.28713	6.23222	2.81299	1.62784	2.83171	2.56945	2.78415
AP3/AG	0.828799	2.86201	0.681031	1.10385	3.10881	1.5967	1.64492	3.16284	0.926398	0.676668	1.07
AP3/AG	0.413918	0.436984	3.96917	27.9732	0.526187	22.692	0.0420373	0.98062	0.678841	2.88462	4.43054
AP3/AG	4.73721	1.0647	1.80499	2.49352	1.131	3.48985	2.66584	0.575265	2.51988	1.93407	0.9457
AP3/AG	1.51367	0.706635	1.48178	1.1527	1.79367	1.08438	2.26429	9.90427	2.77884	1.82982	1.18304
AP3/AG	2.09773	1.89316	1.80499	1.83638	3.4366	2.62861	1.27551	1.31788	9.05023	1.06563	4.30866
AP3/AG	2.26086	1.00072	1.04099	1.58651	1.38747	1.77125	1.56673	5.16123	2.08375	0.925888	0.717475
AP3/AG	2.08732	0.639349	1.57	3.7636	1.01594	3.40163	1.44095	1.4473	1.24846	1.72015	2.39119
AP3/AG	0.675606	1.10477	0.911284	0.909726	1.46252	0.769814	1.23719	2.32582	1.36913	1.21937	1.57149
AP3/AG	2.13521	2.39489	0.954564	1.65976	1.08515	2.00846	1.62845	1.25961	3.64812	3.01754	2.81483
AP3/AG	0.730806	1.07879	1.80499	1.33558	0.672336	0.84	0.747211	3.08733	0.631775	0.39508	1.14221
AP3/AG	2.7791	0.945821	0.496814	1.69513	1.2422	2.08816	0.928721	2.00895	0.650247	0.687666	3.771
AP3/AG	1.16386	0.873922	0.360593	1.75756	0.76064	1.84072	0.586968	11.8409	0.67873	1.20492	1.10138
AP3/AG	5.74635	2.70872	9.20929	3.59419	11.061	5.6139	2.92051	2.01951	2.68304	2.30638	2.04586
AP3/AG	14.3976	1.91418	0.753302	5.35754	1.99506	5.98014	2.48437	0.759302	2.26057	1.46295	0.816579
AP3/AG	1.01875	1.46822	2.99904	1.13083	1.57	0.73694	0.883708	0.905124	1.23312	0.858618	0.779609
AP3/AG	3.86061	2.36439	4.29223	4.35623	1.43225	3.70855	3.37267	1.74104	5.10335	3.11083	8.47009
AP3/AG	0.870785	0.767347	0.552758	1.52436	1.39851	1.66813	0.753749	1.76599	1.0261	4.17293	0.850209
AP3/AG	2.69002	2.45362	0.482358	3.7219	1.03233	3.15933	3.17278	4.36679	2.98861	1.38415	0.855683
AP3/AG	1.25918	1.28415	1.97933	1.28126	1.81966	1.38919	2.24596	2.01951	1.57167	2.47137	3.02617
AP3/AG	3.59058	2.03345	2.19551	6.25105	2.68754	5.36092	2.75479	3.65194	1.05128	3.12966	3.20055
AP3/AG	3.10963	0.664709	1.16417	3.50644	1.33239	2.48246	0.866293	2.13386	1.29384	0.852243	1.30498
AP3/AG	1.58858	0.84043	0.663656	1.18176	0.724425	0.812301	0.791574	0	0.90968	3.22091	2.75328
AP3/AG	1.01006	1.01436	1.80499	2.23809	3.98323	1.56564	0.853577	10.2218	2.55746	3.99575	2.47482
AP3/AG	10.722	13.603	3.66288	11.3232	2.63719	7.68278	8.32074	0	10.1242	2.56945	1.45588
AP3/AG	2.4572	0.527392	2.66839	4.97021	0.897827	5.41669	1.93542	0	1.24457	1.18385	0.658762
AP3/AG	2.20694	2.85088	1.11748	6.27505	1.197	5.13077	4.89553	0.972698	1.17475	1.46829	1.17759
AP3/AG	2.20694	2.85088	1.11748	6.27505	1.197	5.13077	4.89553	0.972698	1.17475	1.46829	1.17759
AP3/AG	0.22828	0	0.735547	26.8214	3.90197	32.4098	0	0.703578	1.76887	1.78169	1.44199
AP3/AG	0.22828	0	0.735547	26.8214	3.90197	32.4098	0	0.703578	1.76887	1.78169	1.44199
AP3/AG	0.884495	1.29539	4.3065	1.21445	1.93478	0.95999	1.39932	2.91485	0.776102	0.814214	1.01286
AP3/AG	2.20962	4.75799	1.80499	1.97763	9.84113	2.74299	4.49322	0	2.69331	7.19818	1.75935
AP3/AG	0.543539	0.959805	0.898157	1.12671	1.21858	1.79682	0.984032	3.29326	0.395453	2.42583	0.527169
AP3/AG	3.01268	1.36164	3.83021	1.89686	1.78923	3.29441	2.29664	11.8409	0.88343	1.79684	3.13075
AP3/AG	8.43765	3.34218	2.12005	5.32145	0.63917	4.23881	5.21385	3.07413	0.991879	2.91519	1.18064
AP3/AG	4.09996	4.89708	5.55341	3.41131	4.62692	2.98543	5.40798	1.61341	4.01649	2.05708	2.82053
AP3/AG	2.87834	0.78724	0.735547	1.30124	2.28571	1.62893	0.904955	1.23635	1.07121	1.29658	1.36749
AP3/AG	1.42576	0.724988	1.44202	2.28536	0.688352	2.19626	1.12427	1.17574	1.21569	6.72037	7.58973
AP3	3.10202	1.7615	4.06516	5.36217	1.97238	4.86064	1.9852	4.23803	1.57744	3.02364	3.24705
AP3	5.55077	1.0647	1.21664	3.60996	0.626332	4.19004	3.13923	2.43922	1.56613	1.11531	3.41041
AP3	3.74488	0.992725	0.999877	4.0854	0.903548	4.94569	4.19285	1.98178	0.757984	1.77067	1.59528
AP3	0.764034	1.89316	3.32361	1.53942	1.86393	1.04842	2.18841	0	2.9821	1.26847	1.67694
AP3	1.18839	2.34308	0.777547	1.02614	1.78954	0.927039	1.24509	2.41582	2.3407	0.444835	1.22651
AP3	5.08074	1.77566	1.27026	5.61256	1.46821	6.90043	2.75429	0	5.63914	0.761261	0.974979
AP3	2.83115	2.60061	1.27026	1.07876	1.39479	2.41078	2.81299	1.06499	1.40229	1.25374	0.640483
AP3	1.43388	1.30522	2.24229	0.994403	0.63292	0.916219	2.21181	2.26652	1.27165	6.14139	1.50599
AP3	1.38243	1.29899	1.16417	4.85015	1.06266	3.01214	0.913901	0	1.57053	1.85435	1.53983
AP3	0.589612	1.69189	0.634553	0.820489	4.75266	1.03655	1.0414	0.972698	3.26247	13.9197	9.35723
AP3	3.74687	1.8254	1.63103	2.8394	0.880414	3.13704	2.92453	1.49211	1.00453	1.06275	0.847155
AP3	2.01924	1.30522	1.27026	1.18113	0.694568	1.2484	1.82383	3.90839	0.84756	1.74133	3.11857
AP3	1.33811	4.43029	2.60626	2.60735	1.38207	3.03685	4.4232	2.14208	1.06546	1.76918	3.1353
AP3	2.81378	1.7591	2.87888	2.85651	1.28986	1.73965	4.34475	0	1.01001	2.04604	0.844399
AP3	0.578157	1.01607	0.565919	0.782886	2.12784	0.643041	1.87325	0.780701	1.59454	1.97809	0.656004
AP3	2.62105	5.16483	2.08579	3.5437	3.35238	2.78191	5.7816	2.13386	2.60338	5.3369	2.7489
AP3	1.34027	4.01619	1.38814	0.929489	1.17101	1.19198	4.25642	0	5.13378	1.48597	2.95236
AP3	5.01464	4.02977	3.96917	2.77729	0.546005	2.76787	3.32625	4.43351	2.62963	1.45602	1.91286
AP3	8.78671	5.01242	2.8151	6.32287	4.09111	10.3369	4.07338	1.29457	4.83417	6.03941	11.8667
AP3	1.05183	1.49211	2.14898	1.03802	1.24061	1.45528	2.91016	1.5376	1.29476	1.39498	3.71927
AP3	0.717574	1.16317	1.27026	0.969615	3.16818	0.959427	1.10786	0.679067	1.58278	0.877292	2.13345
AP3	4.91624	3.86484	1.19444	4.16194	2.69995	4.01665	3.41643	3.41659	2.39489	0.603361	1.38546
AP3	0.985345	3.30978	1.40469	2.63504	5.88831	3.20083	1.38146	0.464465	0.730327	1.12678	0.871583
AP3	7.06893	3.87478	0.565919	4.82755	1.48213	8.13687	3.54184	0.759302	0.666975	6.00044	1.07188
AP3	3.46197	3.46204	2.06289	4.29404	1.58708	4.01478	7.06367	1.39601	3.99451	2.0841	2.44557
AP3	2.61324	4.64462	1.80499	3.24371	1.32028	2.39506	8.16325	6.93121	3.77908	3.57117	5.6273
AP3	5.91721	4.10081	0.64491	12.3971	12.494	13.9506	4.26907	0	1.3863	1.09314	3.14487
AP3	1.69615	1.42605	2.99904	4.79291	1.67638	7.64293	1.12131	0.759302	0.643703	0.377198	0.572882
AP3	1.34467	1.45299	1.07228	3.2146	1.39713	2.09803	1.02623	0.662729	0.848522	0.867573	1.18958
AP3	2.711	1.47918	1.34228	3.51691	1.7277	2.98986	2.50631	3.02438	3.9403	2.78044	3.14802
AP3	13.2017	3.83571	1.10411	10.0839	2.61939	3.20751	2.9326	2.19797	3.36425	5.4864	3.2893
AP3	4.32868	8.01517	2.92476	3.46333	5.41802	5.10958	4.33183	3.29326	3.57359	3.46088	1.08724
AP3	1.00067	1.24383	3.46564	0.600296	0.530581	0.716423	1.21718	2.79416	0.941161	0.657865	0.916845
AP3	2.2343	3.68173	2.73063	2.43516	4.24373	2.71127	2.32326	2.03332	1.30504	2.50709	6.0044
AP3	4.31112	4.17863	3.62074	4.82466	4.32128	3.76776	5.29517	1.17574	3.14458	3.07304	2.64569
AP3	2.33562	2.60719	2.43578	6.11995	2.40044	6.86827	3.20561	1.29457	1.23672	1.23882	1.6213
AP3	1.11606	0.945821	0.653076	1.59454	1.72354	1.76126	1.13228	1.62784	1.62689	4.13599	3.04256
AP3	2.87299	0.866293	1.04099	7.63681	0.900312	4.15388	2.77379	2.01951	0.93016	1.62844	3.95998
AP3	1.71573	1.91418	3.32361	1.54945	2.46942	1.25566	2.04896	2.26652	1.17175	2.37039	4.82515
AP3	1.4112	2.91687	1.56614	2.63504	5.62381	2.81759	2.30281	1.06499	3.64426	1.18464	1.45741
AP3	1.43263	4.24446	2.54413	0.840321	1.33982	1.31033	3.97005	8.32311	4.03264	5.94184	3.88933
AP3	1.27794	1.8682	8.03515	1.34919	0.866226	1.38252	1.98251	1.27567	1.03451	2.0675	3.78801
AP3	2.7791	2.63882	2.1105	3.29612	0.675309	3.04567	2.6067	2.05639	0.545037	2.28771	1.7661
AP3	1.84195	10.7296	0.898157	4.83716	14.3344	5.16676	9.81739	0	0.788184	2.88081	1.38563
AP3	4.18399	0.943816	2.37145	2.36548	0.911124	2.77954	1.98204	0	3.86589	1.19196	3.04256
AP3	2.25722	1.27547	2.60626	2.37749	1.07184	2.67632	1.28027	1.74997	1.39615	1.37131	2.05233
AP3	2.90119	1.36164	1.66376	2.07889	7.09901	3.35527	2.03368	2.01951	2.24235	1.39416	4.55441
AP3	0.71597	0.876862	1.27026	1.2484	1.27715	1.03807	0.855348	0	1.87072	0.887329	1.94974
AP3	19.549	15.8625	6.15849	13.558	8.3143	16.2185	9.49606	0	5.55889	24.8362	12.4025
AP3	3.92419	2.71113	2.66839	2.53645	0.748719	2.63865	4.0089	0	4.05838	3.08506	3.52139
AP3	1.18485	0.945821	1.40469	2.23809	1.62914	0.911159	0.68021	0	1.64483	0.812406	0.860118
AP3	1.18071	0.661148	1.27026	2.32931	0.650469	2.58515	0.893217	3.06356	1.07121	1.58676	1.44661
AP3	2.88869	3.89417	4.75445	3.80489	3.51279	2.71127	3.38254	2.88589	2.50466	3.51958	5.18008
AP3	1.25123	0.945821	0.811086	2.02226	1.2084	2.41583	0.913901	5.14005	0.61538	0.744487	1.39041
AP3	3.14726	3.14647	1.13239	2.53335	1.03962	4.34489	3.92206	4.83146	0.76354	1.12678	1.38831
AP3	6.31186	7.17431	3.46564	6.13708	0.596023	6.06058	10.1318	1.06499	2.39886	2.14178	1.28529
AP3	0.791663	1.63326	1.80499	1.49594	1.2542	1.48117	2.05397	1.57788	1.33805	1.34686	3.45058
AP3	2.03133	2.99913	4.34359	1.89972	2.55158	2.17899	3.74442	1.79004	3.01817	1.33668	2.05233
AP3	3.51109	2.95112	1.48178	4.15973	0.342072	2.07096	4.62466	0	0.49069	2.81298	0.610326
AP3	4.71998	1.7743	3.04175	3.41751	0.570116	1.96095	2.44226	0	4.89596	9.26804	3.20533
AP3	2.28019	3.15427	0.932095	3.02393	0.969059	3.13896	4.28565	0	2.20674	0.753772	1.54252
AP3	2.46697	0.575057	1.08477	2.12646	0.816606	3.22109	1.15847	4.47366	1.11575	2.24709	2.01917
AP3	1.44505	1.29285	2.47634	1.03802	1.15851	1.92959	1.43394	1.4473	6.77764	1.23214	2.60256
AP3	1.91508	2.39489	1.80499	0.872313	0.603327	0.723772	1.17365	0	1.1648	1.43828	0.424989
AP3	2.43581	1.28729	2.94975	0.988427	1.62449	1.23387	1.46838	1.03516	1.63121	2.09328	1.90711
AP3	3.78125	4.61697	1.30474	4.36455	5.25151	3.51743	3.68964	4.29367	3.65572	2.78044	3.85626
AP3	0.88068	1.05174	1.40469	0.866296	1.38119	0.959641	1.57158	4.36679	1.41414	0.943076	1.33755
